<?xml version="1.0" encoding="UTF-8"?>
<testng-results ignored="0" total="1" passed="1" failed="0" skipped="0">
  <reporter-output>
  </reporter-output>
  <suite started-at="2021-10-28T18:12:53 IST" name="Default suite" finished-at="2021-10-28T18:12:53 IST" duration-ms="562">
    <groups>
    </groups>
    <test started-at="2021-10-28T18:12:53 IST" name="Default test" finished-at="2021-10-28T18:12:53 IST" duration-ms="562">
      <class name="com.example.NewTest">
        <test-method signature="f()[pri:0, instance:com.example.NewTest@2892dae4]" started-at="2021-10-28T18:12:53 IST" name="f" finished-at="2021-10-28T18:12:53 IST" duration-ms="457" status="PASS">
          <reporter-output>
          </reporter-output>
        </test-method> <!-- f -->
      </class> <!-- com.example.NewTest -->
    </test> <!-- Default test -->
  </suite> <!-- Default suite -->
</testng-results>
